ERROR:root:FIXME: Unimplemented - put('list', 'A sequence of things - created using []')
ERROR:root:FIXMEL Unimplemented - get('list')
INFO:root:Constructing Parser
INFO:root:Constructing Parser
DEBUG:root:Constructing put subparser
INFO:root:Constructing Parser
DEBUG:root:Constructing put subparser
DEBUG:root:Constructing get subparser
DEBUG:root:Constructing update subparser
DEBUG:root:Constructing delete subparser
INFO:root:Constructing Parser
DEBUG:root:Constructing put subparser
INFO:root:Constructing Parser
DEBUG:root:Constructing put subparser
INFO:root:Constructing Parser
DEBUG:root:Constructing put subparser
DEBUG:root:Constructing get subparser
DEBUG:root:Constructing update subparser
DEBUG:root:Constructing delete subparser
INFO:root:Constructing Parser
DEBUG:root:Constructing put subparser
INFO:root:Constructing Parser
DEBUG:root:Constructing put subparser
DEBUG:root:Constructing get subparser
DEBUG:root:Constructing update subparser
DEBUG:root:Constructing delete subparser
INFO:root:Constructing Parser
DEBUG:root:Constructing put subparser
DEBUG:root:Constructing get subparser
DEBUG:root:Constructing update subparser
DEBUG:root:Constructing delete subparser
INFO:root:Constructing Parser
DEBUG:root:Constructing put subparser
DEBUG:root:Constructing get subparser
DEBUG:root:Constructing update subparser
DEBUG:root:Constructing delete subparser
INFO:root:Constructing Parser
DEBUG:root:Constructing put subparser
DEBUG:root:Constructing get subparser
DEBUG:root:Constructing update subparser
DEBUG:root:Constructing delete subparser
INFO:root:Constructing Parser
DEBUG:root:Constructing put subparser
INFO:root:Constructing Parser
DEBUG:root:Constructing put subparser
DEBUG:root:Constructing get subparser
INFO:root:Constructing Parser
DEBUG:root:Constructing put subparser
DEBUG:root:Constructing get subparser
DEBUG:root:Constructing update subparser
DEBUG:root:Constructing delete subparser
INFO:root:Constructing Parser
DEBUG:root:Constructing put subparser
DEBUG:root:Constructing get subparser
DEBUG:root:Constructing update subparser
DEBUG:root:Constructing delete subparser
INFO:root:Constructing Parser
DEBUG:root:Constructing put subparser
DEBUG:root:Constructing get subparser
DEBUG:root:Constructing update subparser
DEBUG:root:Constructing delete subparser
INFO:root:Constructing Parser
DEBUG:root:Constructing put subparser
DEBUG:root:Constructing get subparser
DEBUG:root:Constructing update subparser
DEBUG:root:Constructing delete subparser
INFO:root:Constructing Parser
DEBUG:root:Constructing put subparser
DEBUG:root:Constructing get subparser
DEBUG:root:Constructing update subparser
DEBUG:root:Constructing delete subparser
INFO:root:Constructing Parser
DEBUG:root:Constructing put subparser
INFO:root:Constructing Parser
DEBUG:root:Constructing put subparser
ERROR:root:FIXME: Unimplemented - put('LIST', 'mylist')
INFO:root:Constructing Parser
DEBUG:root:Constructing put subparser
INFO:root:Constructing Parser
DEBUG:root:Constructing put subparser
DEBUG:root:Constructing get subparser
INFO:root:Constructing Parser
DEBUG:root:Constructing put subparser
DEBUG:root:Constructing get subparser
INFO:root:Constructing Parser
DEBUG:root:Constructing put subparser
DEBUG:root:Constructing get subparser
DEBUG:root:Constructing update subparser
DEBUG:root:Constructing delete subparser
INFO:root:Constructing Parser
DEBUG:root:Constructing put subparser
DEBUG:root:Constructing get subparser
DEBUG:root:Constructing update subparser
DEBUG:root:Constructing delete subparser
ERROR:root:FIXME: Unimplemented - put('list', 'a sequence of things')
INFO:root:Constructing Parser
DEBUG:root:Constructing put subparser
DEBUG:root:Constructing get subparser
DEBUG:root:Constructing update subparser
DEBUG:root:Constructing delete subparser
ERROR:root:FIXME: Unimplemented - get('list')
INFO:root:Constructing Parser
DEBUG:root:Constructing put subparser
DEBUG:root:Constructing get subparser
DEBUG:root:Constructing update subparser
DEBUG:root:Constructing delete subparser
DEBUG:root:Connecting to PostgreSQL
DEBUG:root:Connecting to PostgreSQL
DEBUG:root:Database connection established.
INFO:root:Constructing Parser
DEBUG:root:Constructing put subparser
DEBUG:root:Constructing get subparser
DEBUG:root:Constructing update subparser
DEBUG:root:Constructing delete subparser
DEBUG:root:Connecting to PostgreSQL
DEBUG:root:Database connection established.
INFO:root:Constructing Parser
DEBUG:root:Constructing put subparser
DEBUG:root:Constructing get subparser
DEBUG:root:Constructing update subparser
DEBUG:root:Constructing delete subparser
DEBUG:root:Connecting to PostgreSQL
DEBUG:root:Database connection established.
INFO:root:Constructing Parser
DEBUG:root:Constructing put subparser
DEBUG:root:Constructing get subparser
DEBUG:root:Constructing update subparser
DEBUG:root:Constructing delete subparser
ERROR:root:FIXME: Unimplemented - put('Test', 'This is a test snippet')
DEBUG:root:Connecting to PostgreSQL
DEBUG:root:Database connection established.
INFO:root:Constructing Parser
DEBUG:root:Constructing put subparser
DEBUG:root:Constructing get subparser
DEBUG:root:Constructing update subparser
DEBUG:root:Constructing delete subparser
ERROR:root:FIXME: Unimplemented - put('Test', 'This is a test snippet')
DEBUG:root:Snippet stored successfully.
DEBUG:root:Connecting to PostgreSQL
DEBUG:root:Database connection established.
INFO:root:Constructing Parser
DEBUG:root:Constructing put subparser
DEBUG:root:Constructing get subparser
DEBUG:root:Constructing update subparser
DEBUG:root:Constructing delete subparser
ERROR:root:FIXME: Unimplemented - get('Test')
DEBUG:root:Connecting to PostgreSQL
DEBUG:root:Database connection established.
INFO:root:Constructing Parser
DEBUG:root:Constructing put subparser
DEBUG:root:Constructing get subparser
DEBUG:root:Constructing update subparser
DEBUG:root:Constructing delete subparser
DEBUG:root:Connecting to PostgreSQL
DEBUG:root:Database connection established.
INFO:root:Constructing Parser
DEBUG:root:Constructing put subparser
DEBUG:root:Constructing get subparser
DEBUG:root:Constructing update subparser
DEBUG:root:Constructing delete subparser
ERROR:root:FIXEME: Unimplemented - update('Test')
DEBUG:root:Connecting to PostgreSQL
DEBUG:root:Database connection established.
INFO:root:Constructing Parser
DEBUG:root:Constructing put subparser
DEBUG:root:Constructing get subparser
DEBUG:root:Constructing update subparser
DEBUG:root:Constructing delete subparser
ERROR:root:FIXEME: Unimplemented - update('Test')
DEBUG:root:Connecting to PostgreSQL
DEBUG:root:Database connection established.
INFO:root:Constructing Parser
DEBUG:root:Constructing put subparser
DEBUG:root:Constructing get subparser
DEBUG:root:Constructing update subparser
DEBUG:root:Constructing delete subparser
ERROR:root:FIXEME: Unimplemented - update('Test')
DEBUG:root:Connecting to PostgreSQL
DEBUG:root:Database connection established.
INFO:root:Constructing Parser
DEBUG:root:Constructing put subparser
DEBUG:root:Constructing get subparser
DEBUG:root:Constructing update subparser
DEBUG:root:Constructing delete subparser
ERROR:root:FIXEME: Unimplemented - update('Test')
DEBUG:root:Connecting to PostgreSQL
DEBUG:root:Database connection established.
INFO:root:Constructing Parser
DEBUG:root:Constructing put subparser
DEBUG:root:Constructing get subparser
DEBUG:root:Constructing update subparser
DEBUG:root:Constructing delete subparser
ERROR:root:FIXEME: Unimplemented - update('Test')
DEBUG:root:Snippet updated successfully.
DEBUG:root:Connecting to PostgreSQL
DEBUG:root:Database connection established.
INFO:root:Constructing Parser
DEBUG:root:Constructing put subparser
DEBUG:root:Constructing get subparser
DEBUG:root:Constructing update subparser
DEBUG:root:Constructing delete subparser
ERROR:root:FIXEME: Unimplemented - update('Test')
DEBUG:root:Snippet updated successfully.
DEBUG:root:Connecting to PostgreSQL
DEBUG:root:Database connection established.
INFO:root:Constructing Parser
DEBUG:root:Constructing put subparser
DEBUG:root:Constructing get subparser
DEBUG:root:Constructing update subparser
DEBUG:root:Constructing delete subparser
ERROR:root:FIXEME: Unimplemented - update('Test')
DEBUG:root:Snippet updated successfully.
DEBUG:root:Connecting to PostgreSQL
DEBUG:root:Database connection established.
INFO:root:Constructing Parser
DEBUG:root:Constructing put subparser
DEBUG:root:Constructing get subparser
DEBUG:root:Constructing update subparser
DEBUG:root:Constructing delete subparser
DEBUG:root:Connecting to PostgreSQL
DEBUG:root:Database connection established.
INFO:root:Constructing Parser
DEBUG:root:Constructing put subparser
DEBUG:root:Constructing get subparser
DEBUG:root:Constructing update subparser
DEBUG:root:Constructing delete subparser
ERROR:root:FIXEME: Unimplemented - update('Test')
DEBUG:root:Snippet updated successfully.
DEBUG:root:Connecting to PostgreSQL
DEBUG:root:Database connection established.
INFO:root:Constructing Parser
DEBUG:root:Constructing put subparser
DEBUG:root:Constructing get subparser
DEBUG:root:Constructing update subparser
DEBUG:root:Constructing delete subparser
ERROR:root:FIXME: Unimplemented - delete('Test')
DEBUG:root:Snippet successfully deleted.
DEBUG:root:Connecting to PostgreSQL
DEBUG:root:Database connection established.
INFO:root:Constructing Parser
DEBUG:root:Constructing put subparser
DEBUG:root:Constructing get subparser
DEBUG:root:Constructing update subparser
DEBUG:root:Constructing delete subparser
ERROR:root:FIXME: Unimplemented - delete('Test')
DEBUG:root:Snippet successfully deleted.
DEBUG:root:Connecting to PostgreSQL
DEBUG:root:Database connection established.
INFO:root:Constructing Parser
DEBUG:root:Constructing put subparser
DEBUG:root:Constructing get subparser
DEBUG:root:Constructing update subparser
DEBUG:root:Constructing delete subparser
ERROR:root:FIXME: Unimplemented - get('nothere')
DEBUG:root:Snippet retrieved.
DEBUG:root:Connecting to PostgreSQL
DEBUG:root:Database connection established.
INFO:root:Constructing Parser
DEBUG:root:Constructing put subparser
DEBUG:root:Constructing get subparser
DEBUG:root:Constructing update subparser
DEBUG:root:Constructing delete subparser
ERROR:root:FIXME: Unimplemented - put('Test', 'blah blah')
DEBUG:root:Snippet stored successfully.
DEBUG:root:Connecting to PostgreSQL
DEBUG:root:Database connection established.
INFO:root:Constructing Parser
DEBUG:root:Constructing put subparser
DEBUG:root:Constructing get subparser
DEBUG:root:Constructing update subparser
DEBUG:root:Constructing delete subparser
ERROR:root:FIXME: Unimplemented - put('Test', 'blah blah')
DEBUG:root:Connecting to PostgreSQL
DEBUG:root:Database connection established.
INFO:root:Constructing Parser
DEBUG:root:Constructing put subparser
DEBUG:root:Constructing get subparser
DEBUG:root:Constructing update subparser
DEBUG:root:Constructing delete subparser
ERROR:root:FIXME: Unimplemented - put('Test', 'blah blah')
DEBUG:root:Connecting to PostgreSQL
DEBUG:root:Database connection established.
INFO:root:Constructing Parser
DEBUG:root:Constructing put subparser
DEBUG:root:Constructing get subparser
DEBUG:root:Constructing update subparser
DEBUG:root:Constructing delete subparser
ERROR:root:FIXME: Unimplemented - put('Test', 'blah blah')
DEBUG:root:Snippet stored successfully.
DEBUG:root:Connecting to PostgreSQL
DEBUG:root:Database connection established.
INFO:root:Constructing Parser
DEBUG:root:Constructing put subparser
DEBUG:root:Constructing get subparser
DEBUG:root:Constructing update subparser
DEBUG:root:Constructing delete subparser
ERROR:root:FIXME: Unimplemented - put('Test', 'blah blah')
DEBUG:root:Snippet stored successfully.
DEBUG:root:Connecting to PostgreSQL
DEBUG:root:Database connection established.
INFO:root:Constructing Parser
DEBUG:root:Constructing put subparser
DEBUG:root:Constructing get subparser
DEBUG:root:Constructing update subparser
DEBUG:root:Constructing delete subparser
ERROR:root:FIXME: Unimplemented - put('Test', 'blah blah')
DEBUG:root:Snippet stored successfully.
DEBUG:root:Connecting to PostgreSQL
DEBUG:root:Database connection established.
INFO:root:Constructing Parser
DEBUG:root:Constructing put subparser
DEBUG:root:Constructing get subparser
DEBUG:root:Constructing update subparser
DEBUG:root:Constructing delete subparser
ERROR:root:FIXME: Unimplemented - delete('noteere')
DEBUG:root:Snippet successfully deleted.
DEBUG:root:Connecting to PostgreSQL
DEBUG:root:Database connection established.
INFO:root:Constructing Parser
DEBUG:root:Constructing put subparser
DEBUG:root:Constructing get subparser
DEBUG:root:Constructing update subparser
DEBUG:root:Constructing delete subparser
DEBUG:root:Connecting to PostgreSQL
DEBUG:root:Database connection established.
INFO:root:Constructing Parser
DEBUG:root:Constructing put subparser
DEBUG:root:Constructing get subparser
DEBUG:root:Constructing update subparser
DEBUG:root:Constructing delete subparser
ERROR:root:FIXME: Unimplemented - get('Test')
DEBUG:root:Connecting to PostgreSQL
DEBUG:root:Database connection established.
INFO:root:Constructing Parser
DEBUG:root:Constructing put subparser
DEBUG:root:Constructing get subparser
DEBUG:root:Constructing update subparser
DEBUG:root:Constructing delete subparser
ERROR:root:FIXME: Unimplemented - get('Test')
DEBUG:root:Snippet retrieved.
DEBUG:root:Connecting to PostgreSQL
DEBUG:root:Database connection established.
INFO:root:Constructing Parser
DEBUG:root:Constructing put subparser
DEBUG:root:Constructing get subparser
DEBUG:root:Constructing update subparser
DEBUG:root:Constructing delete subparser
ERROR:root:FIXME: Unimplemented - put('Test', 'testign124')
DEBUG:root:Connecting to PostgreSQL
DEBUG:root:Database connection established.
INFO:root:Constructing Parser
DEBUG:root:Constructing put subparser
DEBUG:root:Constructing get subparser
DEBUG:root:Constructing update subparser
DEBUG:root:Constructing delete subparser
ERROR:root:FIXME: Unimplemented - put('Test', 'testign124')
DEBUG:root:Snippet stored successfully.
DEBUG:root:Connecting to PostgreSQL
DEBUG:root:Database connection established.
INFO:root:Constructing Parser
DEBUG:root:Constructing put subparser
DEBUG:root:Constructing get subparser
DEBUG:root:Constructing update subparser
DEBUG:root:Constructing delete subparser
ERROR:root:FIXME: Unimplemented - put('Test', 'testign124')
DEBUG:root:Snippet stored successfully.
DEBUG:root:Connecting to PostgreSQL
DEBUG:root:Database connection established.
INFO:root:Constructing Parser
DEBUG:root:Constructing put subparser
DEBUG:root:Constructing get subparser
DEBUG:root:Constructing delete subparser
ERROR:root:FIXME: Unimplemented - delete('Test')
DEBUG:root:Snippet successfully deleted.
DEBUG:root:Connecting to PostgreSQL
DEBUG:root:Connecting to PostgreSQL
DEBUG:root:Database connection established.
INFO:root:Constructing Parser
DEBUG:root:Constructing put subparser
DEBUG:root:Constructing search subparser
DEBUG:root:Constructing get subparser
DEBUG:root:Constructing delete subparser
DEBUG:root:Connecting to PostgreSQL
DEBUG:root:Database connection established.
INFO:root:Constructing Parser
DEBUG:root:Constructing put subparser
DEBUG:root:Constructing search subparser
DEBUG:root:Constructing get subparser
DEBUG:root:Constructing delete subparser
DEBUG:root:Connecting to PostgreSQL
DEBUG:root:Database connection established.
INFO:root:Constructing Parser
DEBUG:root:Constructing put subparser
DEBUG:root:Constructing search subparser
DEBUG:root:Constructing get subparser
DEBUG:root:Constructing delete subparser
DEBUG:root:Connecting to PostgreSQL
DEBUG:root:Database connection established.
INFO:root:Constructing Parser
DEBUG:root:Constructing put subparser
DEBUG:root:Constructing search subparser
DEBUG:root:Constructing get subparser
DEBUG:root:Constructing delete subparser
DEBUG:root:Connecting to PostgreSQL
DEBUG:root:Database connection established.
INFO:root:Constructing Parser
DEBUG:root:Constructing put subparser
DEBUG:root:Constructing search subparser
DEBUG:root:Constructing get subparser
DEBUG:root:Constructing delete subparser
DEBUG:root:Connecting to PostgreSQL
DEBUG:root:Database connection established.
INFO:root:Constructing Parser
DEBUG:root:Constructing put subparser
DEBUG:root:Constructing search subparser
DEBUG:root:Constructing get subparser
DEBUG:root:Constructing delete subparser
DEBUG:root:Connecting to PostgreSQL
DEBUG:root:Database connection established.
INFO:root:Constructing Parser
DEBUG:root:Constructing put subparser
DEBUG:root:Constructing search subparser
DEBUG:root:Constructing get subparser
DEBUG:root:Constructing delete subparser
DEBUG:root:Connecting to PostgreSQL
DEBUG:root:Database connection established.
INFO:root:Constructing Parser
DEBUG:root:Constructing put subparser
DEBUG:root:Constructing search subparser
DEBUG:root:Constructing get subparser
DEBUG:root:Constructing delete subparser
DEBUG:root:Connecting to PostgreSQL
DEBUG:root:Database connection established.
INFO:root:Constructing Parser
DEBUG:root:Constructing put subparser
DEBUG:root:Constructing search subparser
DEBUG:root:Constructing get subparser
DEBUG:root:Constructing delete subparser
ERROR:root:FIXME: Unimplemented - put('Test', 'testing test search')
DEBUG:root:Snippet stored successfully.
DEBUG:root:Connecting to PostgreSQL
DEBUG:root:Database connection established.
INFO:root:Constructing Parser
DEBUG:root:Constructing put subparser
DEBUG:root:Constructing search subparser
DEBUG:root:Constructing get subparser
DEBUG:root:Constructing delete subparser
DEBUG:root:Connecting to PostgreSQL
DEBUG:root:Database connection established.
INFO:root:Constructing Parser
DEBUG:root:Constructing put subparser
DEBUG:root:Constructing search subparser
DEBUG:root:Constructing get subparser
DEBUG:root:Constructing delete subparser
DEBUG:root:Connecting to PostgreSQL
DEBUG:root:Database connection established.
INFO:root:Constructing Parser
DEBUG:root:Constructing put subparser
DEBUG:root:Constructing search subparser
DEBUG:root:Constructing get subparser
DEBUG:root:Constructing delete subparser
DEBUG:root:Connecting to PostgreSQL
DEBUG:root:Database connection established.
INFO:root:Constructing Parser
DEBUG:root:Constructing put subparser
DEBUG:root:Constructing search subparser
DEBUG:root:Constructing get subparser
DEBUG:root:Constructing delete subparser
